<?xml version="1.0" encoding="UTF-8"?>
<testsuite xmlns:xsi="http://www.w3.org/2001/XMLSchema-instance" xsi:noNamespaceSchemaLocation="https://maven.apache.org/surefire/maven-surefire-plugin/xsd/surefire-test-report.xsd" name="org.eclipse.leshan.core.node.LwM2MResourceTest" time="0.159" tests="16" errors="0" skipped="0" failures="0">
  <properties>
    <property name="awt.toolkit" value="sun.awt.X11.XToolkit"/>
    <property name="file.encoding.pkg" value="sun.io"/>
    <property name="java.specification.version" value="1.8"/>
    <property name="sun.cpu.isalist" value=""/>
    <property name="sun.jnu.encoding" value="ANSI_X3.4-1968"/>
    <property name="java.class.path" value="/home/pi/BPMS_RPi_leshan_client/leshan-core/target/test-classes:/home/pi/BPMS_RPi_leshan_client/leshan-core/target/classes:/home/pi/.m2/repository/org/slf4j/slf4j-api/1.7.25/slf4j-api-1.7.25.jar:/home/pi/.m2/repository/com/eclipsesource/minimal-json/minimal-json/0.9.5/minimal-json-0.9.5.jar:/home/pi/.m2/repository/junit/junit/4.11/junit-4.11.jar:/home/pi/.m2/repository/org/hamcrest/hamcrest-core/1.3/hamcrest-core-1.3.jar:/home/pi/.m2/repository/ch/qos/logback/logback-classic/1.2.3/logback-classic-1.2.3.jar:/home/pi/.m2/repository/ch/qos/logback/logback-core/1.2.3/logback-core-1.2.3.jar:"/>
    <property name="java.vm.vendor" value="Oracle Corporation"/>
    <property name="sun.arch.data.model" value="32"/>
    <property name="java.vendor.url" value="http://java.oracle.com/"/>
    <property name="user.timezone" value="Etc/UTC"/>
    <property name="java.vm.specification.version" value="1.8"/>
    <property name="os.name" value="Linux"/>
    <property name="user.country" value="US"/>
    <property name="sun.java.launcher" value="SUN_STANDARD"/>
    <property name="sun.boot.library.path" value="/usr/lib/jvm/jdk-8-oracle-arm32-vfp-hflt/jre/lib/arm"/>
    <property name="sun.java.command" value="/home/pi/BPMS_RPi_leshan_client/leshan-core/target/surefire/surefirebooter3497056245533237802.jar /home/pi/BPMS_RPi_leshan_client/leshan-core/target/surefire 2018-10-05T00-38-49_661-jvmRun1 surefire7918088304359627471tmp surefire_04568036229523717299tmp"/>
    <property name="surefire.test.class.path" value="/home/pi/BPMS_RPi_leshan_client/leshan-core/target/test-classes:/home/pi/BPMS_RPi_leshan_client/leshan-core/target/classes:/home/pi/.m2/repository/org/slf4j/slf4j-api/1.7.25/slf4j-api-1.7.25.jar:/home/pi/.m2/repository/com/eclipsesource/minimal-json/minimal-json/0.9.5/minimal-json-0.9.5.jar:/home/pi/.m2/repository/junit/junit/4.11/junit-4.11.jar:/home/pi/.m2/repository/org/hamcrest/hamcrest-core/1.3/hamcrest-core-1.3.jar:/home/pi/.m2/repository/ch/qos/logback/logback-classic/1.2.3/logback-classic-1.2.3.jar:/home/pi/.m2/repository/ch/qos/logback/logback-core/1.2.3/logback-core-1.2.3.jar:"/>
    <property name="sun.cpu.endian" value="little"/>
    <property name="user.home" value="/home/pi"/>
    <property name="user.language" value="en"/>
    <property name="java.specification.vendor" value="Oracle Corporation"/>
    <property name="java.home" value="/usr/lib/jvm/jdk-8-oracle-arm32-vfp-hflt/jre"/>
    <property name="basedir" value="/home/pi/BPMS_RPi_leshan_client/leshan-core"/>
    <property name="file.separator" value="/"/>
    <property name="line.separator" value="&#10;"/>
    <property name="java.vm.specification.vendor" value="Oracle Corporation"/>
    <property name="java.specification.name" value="Java Platform API Specification"/>
    <property name="java.awt.graphicsenv" value="sun.awt.X11GraphicsEnvironment"/>
    <property name="surefire.real.class.path" value="/home/pi/BPMS_RPi_leshan_client/leshan-core/target/surefire/surefirebooter3497056245533237802.jar"/>
    <property name="logback.configurationFile" value="logback-test.xml"/>
    <property name="sun.boot.class.path" value="/usr/lib/jvm/jdk-8-oracle-arm32-vfp-hflt/jre/lib/resources.jar:/usr/lib/jvm/jdk-8-oracle-arm32-vfp-hflt/jre/lib/rt.jar:/usr/lib/jvm/jdk-8-oracle-arm32-vfp-hflt/jre/lib/sunrsasign.jar:/usr/lib/jvm/jdk-8-oracle-arm32-vfp-hflt/jre/lib/jsse.jar:/usr/lib/jvm/jdk-8-oracle-arm32-vfp-hflt/jre/lib/jce.jar:/usr/lib/jvm/jdk-8-oracle-arm32-vfp-hflt/jre/lib/charsets.jar:/usr/lib/jvm/jdk-8-oracle-arm32-vfp-hflt/jre/lib/jfr.jar:/usr/lib/jvm/jdk-8-oracle-arm32-vfp-hflt/jre/classes"/>
    <property name="sun.management.compiler" value="HotSpot Client Compiler"/>
    <property name="java.runtime.version" value="1.8.0_65-b17"/>
    <property name="user.name" value="pi"/>
    <property name="path.separator" value=":"/>
    <property name="os.version" value="4.14.50-v7+"/>
    <property name="java.endorsed.dirs" value="/usr/lib/jvm/jdk-8-oracle-arm32-vfp-hflt/jre/lib/endorsed"/>
    <property name="java.runtime.name" value="Java(TM) SE Runtime Environment"/>
    <property name="file.encoding" value="ANSI_X3.4-1968"/>
    <property name="java.vm.name" value="Java HotSpot(TM) Client VM"/>
    <property name="localRepository" value="/home/pi/.m2/repository"/>
    <property name="java.vendor.url.bug" value="http://bugreport.sun.com/bugreport/"/>
    <property name="java.io.tmpdir" value="/tmp"/>
    <property name="java.version" value="1.8.0_65"/>
    <property name="user.dir" value="/home/pi/BPMS_RPi_leshan_client/leshan-core"/>
    <property name="os.arch" value="arm"/>
    <property name="java.vm.specification.name" value="Java Virtual Machine Specification"/>
    <property name="java.awt.printerjob" value="sun.print.PSPrinterJob"/>
    <property name="sun.os.patch.level" value="unknown"/>
    <property name="java.library.path" value="/usr/java/packages/lib/arm:/lib:/usr/lib"/>
    <property name="java.vm.info" value="mixed mode"/>
    <property name="java.vendor" value="Oracle Corporation"/>
    <property name="java.vm.version" value="25.65-b01"/>
    <property name="sun.arch.abi" value="gnueabihf"/>
    <property name="java.ext.dirs" value="/usr/lib/jvm/jdk-8-oracle-arm32-vfp-hflt/jre/lib/ext:/usr/java/packages/lib/ext"/>
    <property name="sun.io.unicode.encoding" value="UnicodeLittle"/>
    <property name="java.class.version" value="52.0"/>
  </properties>
  <testcase name="two_non_identical_multiple_opaques_are_not_equal" classname="org.eclipse.leshan.core.node.LwM2MResourceTest" time="0.024"/>
  <testcase name="integer_multi_instances_resource_with_null_value" classname="org.eclipse.leshan.core.node.LwM2MResourceTest" time="0.001"/>
  <testcase name="two_non_identical_opaques_are_not_equal" classname="org.eclipse.leshan.core.node.LwM2MResourceTest" time="0.003"/>
  <testcase name="two_identical_opaques_are_equal" classname="org.eclipse.leshan.core.node.LwM2MResourceTest" time="0"/>
  <testcase name="generic_multi_instance_with_incompatible_value_and_type" classname="org.eclipse.leshan.core.node.LwM2MResourceTest" time="0.002"/>
  <testcase name="generic_resource_with_null_value" classname="org.eclipse.leshan.core.node.LwM2MResourceTest" time="0.002"/>
  <testcase name="two_identical_strings_are_equal" classname="org.eclipse.leshan.core.node.LwM2MResourceTest" time="0"/>
  <testcase name="string_resource_with_null_value" classname="org.eclipse.leshan.core.node.LwM2MResourceTest" time="0.004"/>
  <testcase name="two_identical_multiple_opaques_are_equal" classname="org.eclipse.leshan.core.node.LwM2MResourceTest" time="0"/>
  <testcase name="generic_instance_with_incompatible_value_and_type" classname="org.eclipse.leshan.core.node.LwM2MResourceTest" time="0"/>
  <testcase name="generic_multi_instances_resource_with_null_value" classname="org.eclipse.leshan.core.node.LwM2MResourceTest" time="0"/>
  <testcase name="two_identical_multiple_strings_are_equal" classname="org.eclipse.leshan.core.node.LwM2MResourceTest" time="0"/>
  <testcase name="two_string_and_binary_are_not_equal" classname="org.eclipse.leshan.core.node.LwM2MResourceTest" time="0"/>
  <testcase name="two_multiple_string_and_multiple_binary_are_not_equal" classname="org.eclipse.leshan.core.node.LwM2MResourceTest" time="0.001"/>
  <testcase name="two_non_identical_multiple_strings_are_not_equal" classname="org.eclipse.leshan.core.node.LwM2MResourceTest" time="0"/>
  <testcase name="two_non_identical_strings_are_not_equal" classname="org.eclipse.leshan.core.node.LwM2MResourceTest" time="0"/>
</testsuite>