<?xml version="1.0" encoding="UTF-8"?>
<testsuite xmlns:xsi="http://www.w3.org/2001/XMLSchema-instance" xsi:noNamespaceSchemaLocation="https://maven.apache.org/surefire/maven-surefire-plugin/xsd/surefire-test-report.xsd" name="org.eclipse.leshan.server.cluster.serialization.RegistrationUpdateSerDesTest" time="0.011" tests="1" errors="0" skipped="0" failures="0">
  <properties>
    <property name="sun.desktop" value="gnome"/>
    <property name="awt.toolkit" value="sun.awt.X11.XToolkit"/>
    <property name="file.encoding.pkg" value="sun.io"/>
    <property name="java.specification.version" value="1.8"/>
    <property name="sun.cpu.isalist" value=""/>
    <property name="sun.jnu.encoding" value="UTF-8"/>
    <property name="java.class.path" value="/home/metallica/Documents/JavaWorkspace/leshan-master(October_2018_Last_Update)/leshan-server-cluster/target/test-classes:/home/metallica/Documents/JavaWorkspace/leshan-master(October_2018_Last_Update)/leshan-server-cluster/target/classes:/home/metallica/Documents/JavaWorkspace/leshan-master(October_2018_Last_Update)/leshan-core/target/leshan-core-1.0.0-SNAPSHOT.jar:/home/metallica/.m2/repository/org/slf4j/slf4j-api/1.7.25/slf4j-api-1.7.25.jar:/home/metallica/Documents/JavaWorkspace/leshan-master(October_2018_Last_Update)/leshan-server-cf/target/leshan-server-cf-1.0.0-SNAPSHOT.jar:/home/metallica/Documents/JavaWorkspace/leshan-master(October_2018_Last_Update)/leshan-core-cf/target/leshan-core-cf-1.0.0-SNAPSHOT.jar:/home/metallica/Documents/JavaWorkspace/leshan-master(October_2018_Last_Update)/leshan-server-core/target/leshan-server-core-1.0.0-SNAPSHOT.jar:/home/metallica/.m2/repository/org/eclipse/californium/californium-core/2.0.0-M12/californium-core-2.0.0-M12.jar:/home/metallica/.m2/repository/org/eclipse/californium/element-connector/2.0.0-M12/element-connector-2.0.0-M12.jar:/home/metallica/.m2/repository/org/eclipse/californium/element-connector/2.0.0-M12/element-connector-2.0.0-M12-tests.jar:/home/metallica/.m2/repository/org/eclipse/californium/scandium/2.0.0-M12/scandium-2.0.0-M12.jar:/home/metallica/.m2/repository/redis/clients/jedis/2.8.0/jedis-2.8.0.jar:/home/metallica/.m2/repository/org/apache/commons/commons-pool2/2.3/commons-pool2-2.3.jar:/home/metallica/.m2/repository/com/eclipsesource/minimal-json/minimal-json/0.9.5/minimal-json-0.9.5.jar:/home/metallica/.m2/repository/commons-cli/commons-cli/1.3.1/commons-cli-1.3.1.jar:/home/metallica/.m2/repository/ch/qos/logback/logback-classic/1.2.3/logback-classic-1.2.3.jar:/home/metallica/.m2/repository/ch/qos/logback/logback-core/1.2.3/logback-core-1.2.3.jar:/home/metallica/.m2/repository/junit/junit/4.11/junit-4.11.jar:/home/metallica/.m2/repository/org/hamcrest/hamcrest-core/1.3/hamcrest-core-1.3.jar:"/>
    <property name="java.vm.vendor" value="Oracle Corporation"/>
    <property name="sun.arch.data.model" value="64"/>
    <property name="java.vendor.url" value="http://java.oracle.com/"/>
    <property name="user.timezone" value=""/>
    <property name="java.vm.specification.version" value="1.8"/>
    <property name="os.name" value="Linux"/>
    <property name="user.country" value="US"/>
    <property name="sun.java.launcher" value="SUN_STANDARD"/>
    <property name="sun.boot.library.path" value="/usr/lib/jvm/java-8-oracle/jre/lib/amd64"/>
    <property name="sun.java.command" value="/home/metallica/Documents/JavaWorkspace/leshan-master(October_2018_Last_Update)/leshan-server-cluster/target/surefire/surefirebooter4267234635944870205.jar /home/metallica/Documents/JavaWorkspace/leshan-master(October_2018_Last_Update)/leshan-server-cluster/target/surefire 2018-10-03T14-03-35_366-jvmRun1 surefire144546108533062666tmp surefire_41108107955045333495tmp"/>
    <property name="surefire.test.class.path" value="/home/metallica/Documents/JavaWorkspace/leshan-master(October_2018_Last_Update)/leshan-server-cluster/target/test-classes:/home/metallica/Documents/JavaWorkspace/leshan-master(October_2018_Last_Update)/leshan-server-cluster/target/classes:/home/metallica/Documents/JavaWorkspace/leshan-master(October_2018_Last_Update)/leshan-core/target/leshan-core-1.0.0-SNAPSHOT.jar:/home/metallica/.m2/repository/org/slf4j/slf4j-api/1.7.25/slf4j-api-1.7.25.jar:/home/metallica/Documents/JavaWorkspace/leshan-master(October_2018_Last_Update)/leshan-server-cf/target/leshan-server-cf-1.0.0-SNAPSHOT.jar:/home/metallica/Documents/JavaWorkspace/leshan-master(October_2018_Last_Update)/leshan-core-cf/target/leshan-core-cf-1.0.0-SNAPSHOT.jar:/home/metallica/Documents/JavaWorkspace/leshan-master(October_2018_Last_Update)/leshan-server-core/target/leshan-server-core-1.0.0-SNAPSHOT.jar:/home/metallica/.m2/repository/org/eclipse/californium/californium-core/2.0.0-M12/californium-core-2.0.0-M12.jar:/home/metallica/.m2/repository/org/eclipse/californium/element-connector/2.0.0-M12/element-connector-2.0.0-M12.jar:/home/metallica/.m2/repository/org/eclipse/californium/element-connector/2.0.0-M12/element-connector-2.0.0-M12-tests.jar:/home/metallica/.m2/repository/org/eclipse/californium/scandium/2.0.0-M12/scandium-2.0.0-M12.jar:/home/metallica/.m2/repository/redis/clients/jedis/2.8.0/jedis-2.8.0.jar:/home/metallica/.m2/repository/org/apache/commons/commons-pool2/2.3/commons-pool2-2.3.jar:/home/metallica/.m2/repository/com/eclipsesource/minimal-json/minimal-json/0.9.5/minimal-json-0.9.5.jar:/home/metallica/.m2/repository/commons-cli/commons-cli/1.3.1/commons-cli-1.3.1.jar:/home/metallica/.m2/repository/ch/qos/logback/logback-classic/1.2.3/logback-classic-1.2.3.jar:/home/metallica/.m2/repository/ch/qos/logback/logback-core/1.2.3/logback-core-1.2.3.jar:/home/metallica/.m2/repository/junit/junit/4.11/junit-4.11.jar:/home/metallica/.m2/repository/org/hamcrest/hamcrest-core/1.3/hamcrest-core-1.3.jar:"/>
    <property name="sun.cpu.endian" value="little"/>
    <property name="user.home" value="/home/metallica"/>
    <property name="user.language" value="en"/>
    <property name="java.specification.vendor" value="Oracle Corporation"/>
    <property name="java.home" value="/usr/lib/jvm/java-8-oracle/jre"/>
    <property name="basedir" value="/home/metallica/Documents/JavaWorkspace/leshan-master(October_2018_Last_Update)/leshan-server-cluster"/>
    <property name="file.separator" value="/"/>
    <property name="line.separator" value="&#10;"/>
    <property name="java.vm.specification.vendor" value="Oracle Corporation"/>
    <property name="java.specification.name" value="Java Platform API Specification"/>
    <property name="java.awt.graphicsenv" value="sun.awt.X11GraphicsEnvironment"/>
    <property name="surefire.real.class.path" value="/home/metallica/Documents/JavaWorkspace/leshan-master(October_2018_Last_Update)/leshan-server-cluster/target/surefire/surefirebooter4267234635944870205.jar"/>
    <property name="logback.configurationFile" value="logback-test.xml"/>
    <property name="sun.boot.class.path" value="/usr/lib/jvm/java-8-oracle/jre/lib/resources.jar:/usr/lib/jvm/java-8-oracle/jre/lib/rt.jar:/usr/lib/jvm/java-8-oracle/jre/lib/sunrsasign.jar:/usr/lib/jvm/java-8-oracle/jre/lib/jsse.jar:/usr/lib/jvm/java-8-oracle/jre/lib/jce.jar:/usr/lib/jvm/java-8-oracle/jre/lib/charsets.jar:/usr/lib/jvm/java-8-oracle/jre/lib/jfr.jar:/usr/lib/jvm/java-8-oracle/jre/classes"/>
    <property name="sun.management.compiler" value="HotSpot 64-Bit Tiered Compilers"/>
    <property name="java.runtime.version" value="1.8.0_181-b13"/>
    <property name="user.name" value="metallica"/>
    <property name="path.separator" value=":"/>
    <property name="os.version" value="4.15.0-36-generic"/>
    <property name="java.endorsed.dirs" value="/usr/lib/jvm/java-8-oracle/jre/lib/endorsed"/>
    <property name="java.runtime.name" value="Java(TM) SE Runtime Environment"/>
    <property name="file.encoding" value="UTF-8"/>
    <property name="java.vm.name" value="Java HotSpot(TM) 64-Bit Server VM"/>
    <property name="localRepository" value="/home/metallica/.m2/repository"/>
    <property name="java.vendor.url.bug" value="http://bugreport.sun.com/bugreport/"/>
    <property name="java.io.tmpdir" value="/tmp"/>
    <property name="java.version" value="1.8.0_181"/>
    <property name="user.dir" value="/home/metallica/Documents/JavaWorkspace/leshan-master(October_2018_Last_Update)/leshan-server-cluster"/>
    <property name="os.arch" value="amd64"/>
    <property name="java.vm.specification.name" value="Java Virtual Machine Specification"/>
    <property name="java.awt.printerjob" value="sun.print.PSPrinterJob"/>
    <property name="sun.os.patch.level" value="unknown"/>
    <property name="java.library.path" value="/usr/java/packages/lib/amd64:/usr/lib64:/lib64:/lib:/usr/lib"/>
    <property name="java.vm.info" value="mixed mode"/>
    <property name="java.vendor" value="Oracle Corporation"/>
    <property name="java.vm.version" value="25.181-b13"/>
    <property name="java.ext.dirs" value="/usr/lib/jvm/java-8-oracle/jre/lib/ext:/usr/java/packages/lib/ext"/>
    <property name="sun.io.unicode.encoding" value="UnicodeLittle"/>
    <property name="java.class.version" value="52.0"/>
  </properties>
  <testcase name="ser_and_des_are_equals" classname="org.eclipse.leshan.server.cluster.serialization.RegistrationUpdateSerDesTest" time="0.011"/>
</testsuite>